<?xml version="1.0" encoding="UTF-8"?>
<!-- Generated by org.testng.reporters.JUnitXMLReporter -->
<testsuite ignored="0" hostname="RajKumar" failures="0" tests="6" name="Test" time="18.676" errors="0" timestamp="2021-04-27T14:23:53 IST">
  <testcase classname="apiCalls.GetPassenger" name="retrivePassenger" time="8.515"/>
  <testcase classname="apiCalls.UpdatePassenger" name="changesInPassengetDetails" time="1.695"/>
  <testcase classname="apiCalls.UpdatePassenger" name="changesInPassengetDetails" time="1.76"/>
  <testcase classname="apiCalls.UpdatePassenger" name="changesInPassengetDetails" time="1.734"/>
  <testcase classname="apiCalls.PartialUpdatePassengerDetails" name="partialUpdate" time="1.622"/>
  <testcase classname="apiCalls.DeletePassenger" name="removeUser" time="1.646"/>
</testsuite> <!-- Test -->
