<?xml version="1.0" encoding="UTF-8"?>
<testng-results ignored="0" total="1" passed="1" failed="0" skipped="0">
  <reporter-output>
  </reporter-output>
  <suite started-at="2021-05-03T21:56:02 IST" name="Default suite" finished-at="2021-05-03T21:56:05 IST" duration-ms="2584">
    <groups>
    </groups>
    <test started-at="2021-05-03T21:56:02 IST" name="Default test" finished-at="2021-05-03T21:56:05 IST" duration-ms="2584">
      <class name="complexJson.ComplexJsonExample">
        <test-method signature="complxJsonValidations()[pri:0, instance:complexJson.ComplexJsonExample@96def03]" started-at="2021-05-03T21:56:02 IST" name="complxJsonValidations" finished-at="2021-05-03T21:56:04 IST" duration-ms="2525" status="PASS">
          <reporter-output>
          </reporter-output>
        </test-method> <!-- complxJsonValidations -->
      </class> <!-- complexJson.ComplexJsonExample -->
    </test> <!-- Default test -->
  </suite> <!-- Default suite -->
</testng-results>
